<?xml version="1.0" encoding="UTF-8"?>
<!-- Generated by org.testng.reporters.JUnitReportReporter -->
<testsuite skipped="0" hostname="B317LBLR" name="mukeshotwani.TC_003_PutRequest" tests="1" failures="0" timestamp="2020-05-11T12:18:27 IST" time="1.818" errors="0">
  <testcase name="m1" time="1.818" classname="mukeshotwani.TC_003_PutRequest"/>
  <system-out/>
</testsuite> <!-- mukeshotwani.TC_003_PutRequest -->
