<?xml version="1.0" encoding="UTF-8"?>
<!-- Generated by org.testng.reporters.JUnitReportReporter -->
<testsuite skipped="0" hostname="B317LBLR" name="mukeshotwani.TC_004_PrimitiveAuthentication" tests="1" failures="0" timestamp="2020-05-11T13:03:30 IST" time="1.939" errors="0">
  <testcase name="m1" time="1.939" classname="mukeshotwani.TC_004_PrimitiveAuthentication"/>
  <system-out/>
</testsuite> <!-- mukeshotwani.TC_004_PrimitiveAuthentication -->
