<?xml version="1.0" encoding="UTF-8"?>
<!-- Generated by org.testng.reporters.JUnitReportReporter -->
<testsuite skipped="0" hostname="B317LBLR" name="sdet.TC_001_GetRequest" tests="1" failures="0" timestamp="2020-05-27T00:17:54 IST" time="1.094" errors="0">
  <testcase name="WeatherDetails" time="1.094" classname="sdet.TC_001_GetRequest"/>
  <system-out/>
</testsuite> <!-- sdet.TC_001_GetRequest -->
