<?xml version="1.0" encoding="UTF-8"?>
<!-- Generated by org.testng.reporters.JUnitReportReporter -->
<testsuite skipped="0" hostname="B317LBLR" name="mukeshotwani.TC_002_DeleteRequest" tests="1" failures="0" timestamp="2020-05-11T12:52:49 IST" time="2.098" errors="0">
  <testcase name="m1" time="2.098" classname="mukeshotwani.TC_002_DeleteRequest"/>
  <system-out/>
</testsuite> <!-- mukeshotwani.TC_002_DeleteRequest -->
