<?xml version="1.0" encoding="UTF-8"?>
<!-- Generated by org.testng.reporters.JUnitReportReporter -->
<testsuite skipped="0" hostname="B317LBLR" name="sdet.TC_002_POST" tests="1" failures="0" timestamp="2020-05-27T00:17:54 IST" time="1.027" errors="0">
  <testcase name="postmethod" time="1.027" classname="sdet.TC_002_POST"/>
  <system-out/>
</testsuite> <!-- sdet.TC_002_POST -->
