<?xml version="1.0" encoding="UTF-8"?>
<!-- Generated by org.testng.reporters.JUnitReportReporter -->
<testsuite skipped="0" hostname="B317LBLR" name="sdet.TC_004_GetAllHeaders" tests="1" failures="0" timestamp="2020-05-27T00:20:54 IST" time="1.694" errors="0">
  <testcase name="getRequestWithAllHeaders" time="1.694" classname="sdet.TC_004_GetAllHeaders"/>
  <system-out/>
</testsuite> <!-- sdet.TC_004_GetAllHeaders -->
