<?xml version="1.0" encoding="UTF-8"?>
<!-- Generated by org.testng.reporters.JUnitReportReporter -->
<testsuite skipped="0" hostname="B317LBLR" name="sdet.TC_005_GetResponseBody" tests="1" failures="0" timestamp="2020-05-27T00:17:54 IST" time="0.658" errors="0">
  <testcase name="m1" time="0.658" classname="sdet.TC_005_GetResponseBody"/>
  <system-out/>
</testsuite> <!-- sdet.TC_005_GetResponseBody -->
