<?xml version="1.0" encoding="UTF-8"?>
<!-- Generated by org.testng.reporters.JUnitReportReporter -->
<testsuite skipped="0" hostname="B317LBLR" name="mukeshotwani.TC_001_PostRequest" tests="1" failures="0" timestamp="2020-06-05T10:48:39 IST" time="3.485" errors="0">
  <testcase name="m1" time="3.485" classname="mukeshotwani.TC_001_PostRequest"/>
  <system-out/>
</testsuite> <!-- mukeshotwani.TC_001_PostRequest -->
