<?xml version="1.0" encoding="UTF-8"?>
<!-- Generated by org.testng.reporters.JUnitReportReporter -->
<testsuite skipped="0" hostname="B317LBLR" name="sdet.TC_006_DataProvider" tests="3" failures="0" timestamp="2020-05-27T00:17:54 IST" time="4.060" errors="0">
  <testcase name="m1" time="0.853" classname="sdet.TC_006_DataProvider"/>
  <system-out/>
  <testcase name="m1" time="2.510" classname="sdet.TC_006_DataProvider"/>
  <system-out/>
  <testcase name="m1" time="0.697" classname="sdet.TC_006_DataProvider"/>
  <system-out/>
</testsuite> <!-- sdet.TC_006_DataProvider -->
